info it worked if it ends with ok
verbose cli [ 'node',
verbose cli   '/usr/local/bin/npm',
verbose cli   'install',
verbose cli   'node-sqlite' ]
info using npm@1.0.14
info using node@v0.5.0-pre
verbose config file /Users/jeremiezarka/.npmrc
verbose config file /usr/local/etc/npmrc
silly testEngine { name: 'cli',
silly testEngine   description: 'A tool for rapidly building command line apps',
silly testEngine   version: '0.3.7',
silly testEngine   homepage: 'http://github.com/chriso/cli',
silly testEngine   keywords: 
silly testEngine    [ 'cli',
silly testEngine      'command line',
silly testEngine      'opts',
silly testEngine      'parseopt',
silly testEngine      'opt',
silly testEngine      'args',
silly testEngine      'console',
silly testEngine      'argsparse',
silly testEngine      'optparse',
silly testEngine      'daemon',
silly testEngine      'autocomplete',
silly testEngine      'command',
silly testEngine      'autocompletion' ],
silly testEngine   author: { name: 'Chris O\'Hara', email: 'cohara87@gmail.com' },
silly testEngine   main: 'cli.js',
silly testEngine   bugs: 
silly testEngine    { email: 'cohara87@gmail.com',
silly testEngine      url: 'http://github.com/chriso/cli/issues' },
silly testEngine   repository: 
silly testEngine    { type: 'git',
silly testEngine      url: 'git://github.com/chriso/cli.git' },
silly testEngine   contributors: [ { name: 'Douglas Meyer' } ],
silly testEngine   engines: { node: '>=0.2.5' },
silly testEngine   licenses: [ { type: 'MIT' } ],
silly testEngine   _npmJsonOpts: 
silly testEngine    { file: '/Users/jeremiezarka/Documents/Dev/sgbusmap/node_modules/cli/package.json',
silly testEngine      wscript: false,
silly testEngine      contributors: false,
silly testEngine      serverjs: false },
silly testEngine   _id: 'cli@0.3.7',
silly testEngine   dependencies: {},
silly testEngine   devDependencies: {},
silly testEngine   _engineSupported: true,
silly testEngine   _npmVersion: '1.0.14',
silly testEngine   _nodeVersion: 'v0.5.0-pre',
silly testEngine   _defaultsLoaded: true }
verbose caching /Users/jeremiezarka/Documents/Dev/sgbusmap/node_modules/cli/package.json
verbose loadDefaults cli@0.3.7
verbose into /Users/jeremiezarka/Documents/Dev/sgbusmap [ 'node-sqlite' ]
verbose cache add [ 'node-sqlite', null ]
info addNamed [ 'node-sqlite', '' ]
verbose addNamed [ null, '' ]
verbose GET node-sqlite
verbose raw, before any munging node-sqlite
verbose url resolving [ 'http://registry.npmjs.org/', './node-sqlite' ]
verbose url resolved http://registry.npmjs.org/node-sqlite
verbose url parsed { protocol: 'http:',
verbose url parsed   slashes: true,
verbose url parsed   host: 'registry.npmjs.org',
verbose url parsed   hostname: 'registry.npmjs.org',
verbose url parsed   href: 'http://registry.npmjs.org/node-sqlite',
verbose url parsed   pathname: '/node-sqlite' }
verbose response http://registry.npmjs.org/node-sqlite
silly chunk {"error":"not_found","reason":"document not found"}
silly chunk 
silly get cb [ 404,
silly get cb   { server: 'CouchDB/1.1.0 (Erlang OTP/R14B03)',
silly get cb     date: 'Sun, 28 Aug 2011 16:09:44 GMT',
silly get cb     'content-type': 'application/json',
silly get cb     'content-length': '52',
silly get cb     'cache-control': 'must-revalidate',
silly get cb     'x-cache': 'MISS from proxy4b',
silly get cb     'x-cache-lookup': 'MISS from proxy4b:3129',
silly get cb     via: '1.0 proxy4b:3129 (squid)',
silly get cb     connection: 'close' } ]
ERR! 404 'node-sqlite' is not in the npm registry.
ERR! 404 You should bug the author to publish it.
ERR! 404 Note that you can also install from a tarball or folder.
ERR! 
ERR! System Darwin 10.8.0
ERR! command "node" "/usr/local/bin/npm" "install" "node-sqlite"
verbose exit [ 1, true ]
